nohup: ignoring input
ℹ No DATABASE_URL — running without persistence (state resets on restart)
ℹ No PostgreSQL state found. Attempting to load from JSON config...
✓ Loaded persisted game state from /home/dexmond/Documents/Dexmond_Technologies/nuclearwar/game_state.json
☢ Game state recovery complete. World is active.
☢ NUCLEAR WAR Multi-Service running on port 4000
⚠ OpenSky API rate limited or unavailable: 429
⚠ OpenSky API rate limited or unavailable: 429
⚠ OpenSky API rate limited or unavailable: 429
⚠ OpenSky API rate limited or unavailable: 429
⚠ OpenSky API rate limited or unavailable: 429
⚠ OpenSky API rate limited or unavailable: 429
⚠ OpenSky API rate limited or unavailable: 429
⚠ OpenSky API rate limited or unavailable: 429
⚠ OpenSky API rate limited or unavailable: 429
⚠ OpenSky API rate limited or unavailable: 429
⚠ OpenSky API rate limited or unavailable: 429
⚠ OpenSky API rate limited or unavailable: 429
⚠ OpenSky API rate limited or unavailable: 429
⚠ OpenSky API rate limited or unavailable: 429
⚠ OpenSky API rate limited or unavailable: 429
⚠ OpenSky API rate limited or unavailable: 429
⚠ OpenSky API rate limited or unavailable: 429
⚠ OpenSky API rate limited or unavailable: 429
⚠ OpenSky API rate limited or unavailable: 429
⚠ OpenSky API rate limited or unavailable: 429
⚠ OpenSky API rate limited or unavailable: 429
⚠ OpenSky API rate limited or unavailable: 429
⚠ OpenSky API rate limited or unavailable: 429
⚠ OpenSky API rate limited or unavailable: 429
⚠ OpenSky API rate limited or unavailable: 429
⚠ OpenSky API rate limited or unavailable: 429
⚠ OpenSky API rate limited or unavailable: 429
⚠ OpenSky API rate limited or unavailable: 429
⚠ OpenSky API rate limited or unavailable: 429
⚠ OpenSky API rate limited or unavailable: 429
⚠ OpenSky API rate limited or unavailable: 429
⚠ OpenSky API rate limited or unavailable: 429
Commander 1 joined. Total Commanders: 1
⚠ OpenSky API rate limited or unavailable: 429
⚠ OpenSky API rate limited or unavailable: 429
Commander 1 disconnected. Remaining: 0
⚠ OpenSky API rate limited or unavailable: 429
⚠ OpenSky API rate limited or unavailable: 429
⚠ OpenSky API rate limited or unavailable: 429
⚠ OpenSky API rate limited or unavailable: 429
⚠ OpenSky API rate limited or unavailable: 429
⚠ OpenSky API rate limited or unavailable: 429
⚠ OpenSky API rate limited or unavailable: 429
⚠ OpenSky API rate limited or unavailable: 429
Commander 2 joined. Total Commanders: 1
⚠ OpenSky API rate limited or unavailable: 429
⚠ OpenSky API rate limited or unavailable: 429
⚠ OpenSky API rate limited or unavailable: 429
Commander 2 disconnected. Remaining: 0
⚠ OpenSky API rate limited or unavailable: 429
⚠ OpenSky API rate limited or unavailable: 429
⚠ OpenSky API rate limited or unavailable: 429
⚠ OpenSky API rate limited or unavailable: 429
⚠ OpenSky API rate limited or unavailable: 429
⚠ OpenSky API rate limited or unavailable: 429
⚠ OpenSky API rate limited or unavailable: 429
⚠ OpenSky API rate limited or unavailable: 429
Commander 3 joined. Total Commanders: 1
⚠ OpenSky API rate limited or unavailable: 429
⚠ OpenSky API rate limited or unavailable: 429
Commander 3 disconnected. Remaining: 0
⚠ OpenSky API rate limited or unavailable: 429
⚠ OpenSky API rate limited or unavailable: 429
⚠ OpenSky API rate limited or unavailable: 429
⚠ OpenSky API rate limited or unavailable: 429
⚠ OpenSky API rate limited or unavailable: 429
⚠ OpenSky API rate limited or unavailable: 429
⚠ OpenSky API rate limited or unavailable: 429
⚠ OpenSky API rate limited or unavailable: 429
⚠ OpenSky API rate limited or unavailable: 429
⚠ OpenSky API rate limited or unavailable: 429
⚠ OpenSky API rate limited or unavailable: 429
Commander 4 joined. Total Commanders: 1
⚠ OpenSky API rate limited or unavailable: 429
⚠ OpenSky API rate limited or unavailable: 429
⚠ OpenSky API rate limited or unavailable: 429
⚠ OpenSky API rate limited or unavailable: 429
⚠ OpenSky API rate limited or unavailable: 429
⚠ OpenSky API rate limited or unavailable: 429
⚠ OpenSky API rate limited or unavailable: 429
⚠ OpenSky API rate limited or unavailable: 429
⚠ OpenSky API rate limited or unavailable: 429
Commander 4 disconnected. Remaining: 0
Commander 5 joined. Total Commanders: 1
⚠ OpenSky API rate limited or unavailable: 429
⚠ OpenSky API rate limited or unavailable: 429
⚠ OpenSky API rate limited or unavailable: 429
Commander 5 disconnected. Remaining: 0
⚠ OpenSky API rate limited or unavailable: 429
⚠ OpenSky API rate limited or unavailable: 429
⚠ OpenSky API rate limited or unavailable: 429
⚠ OpenSky API rate limited or unavailable: 429
⚠ OpenSky API rate limited or unavailable: 429
⚠ OpenSky API rate limited or unavailable: 429
⚠ OpenSky API rate limited or unavailable: 429
⚠ OpenSky API rate limited or unavailable: 429
⚠ OpenSky API rate limited or unavailable: 429
⚠ OpenSky API rate limited or unavailable: 429
⚠ OpenSky API rate limited or unavailable: 429
⚠ OpenSky API rate limited or unavailable: 429
⚠ OpenSky API rate limited or unavailable: 429
⚠ OpenSky API rate limited or unavailable: 429
⚠ OpenSky API rate limited or unavailable: 429
⚠ OpenSky API rate limited or unavailable: 429
⚠ OpenSky API rate limited or unavailable: 429
Commander 6 joined. Total Commanders: 1
⚠ OpenSky API rate limited or unavailable: 429
⚠ OpenSky API rate limited or unavailable: 429
Commander 6 disconnected. Remaining: 0
⚠ OpenSky API rate limited or unavailable: 429
⚠ OpenSky API rate limited or unavailable: 429
Commander 7 joined. Total Commanders: 1
⚠ OpenSky API rate limited or unavailable: 429
⚠ OpenSky API rate limited or unavailable: 429
⚠ OpenSky API rate limited or unavailable: 429
⚠ OpenSky API rate limited or unavailable: 429
⚠ OpenSky API rate limited or unavailable: 429
⚠ OpenSky API rate limited or unavailable: 429
⚠ OpenSky API rate limited or unavailable: 429
⚠ OpenSky API rate limited or unavailable: 429
Commander 8 joined. Total Commanders: 2
Commander 7 disconnected. Remaining: 1
⚠ OpenSky API rate limited or unavailable: 429
⚠ OpenSky API rate limited or unavailable: 429
⚠ OpenSky API rate limited or unavailable: 429
⚠ OpenSky API rate limited or unavailable: 429
⚠ OpenSky API rate limited or unavailable: 429
⚠ OpenSky API rate limited or unavailable: 429
⚠ OpenSky API rate limited or unavailable: 429
⚠ OpenSky API rate limited or unavailable: 429
⚠ OpenSky API rate limited or unavailable: 429
⚠ OpenSky API rate limited or unavailable: 429
⚠ OpenSky API rate limited or unavailable: 429
⚠ OpenSky API rate limited or unavailable: 429
